c:\users\denis\source\repos\op\op\debug\vc142.pdb
c:\users\denis\source\repos\op\op\debug\vc142.idb
c:\users\denis\source\repos\op\op\debug\полиморфизм.obj
c:\users\denis\source\repos\op\op\debug\op.obj
c:\users\denis\source\repos\op\op\debug\polimorfizm.obj
c:\users\denis\source\repos\op\op\debug\pamyati.obj
c:\users\denis\source\repos\op\op\debug\class.obj
c:\users\denis\source\repos\op\debug\op.pdb
c:\users\denis\source\repos\op\op\debug\op.tlog\cl.command.1.tlog
c:\users\denis\source\repos\op\op\debug\op.tlog\cl.read.1.tlog
c:\users\denis\source\repos\op\op\debug\op.tlog\cl.write.1.tlog
c:\users\denis\source\repos\op\op\debug\op.tlog\link-cvtres.read.1.tlog
c:\users\denis\source\repos\op\op\debug\op.tlog\link-cvtres.write.1.tlog
c:\users\denis\source\repos\op\op\debug\op.tlog\link-rc.read.1.tlog
c:\users\denis\source\repos\op\op\debug\op.tlog\link-rc.write.1.tlog
c:\users\denis\source\repos\op\op\debug\op.tlog\link.11236-cvtres.read.1.tlog
c:\users\denis\source\repos\op\op\debug\op.tlog\link.11236-cvtres.write.1.tlog
c:\users\denis\source\repos\op\op\debug\op.tlog\link.11236-rc.read.1.tlog
c:\users\denis\source\repos\op\op\debug\op.tlog\link.11236-rc.write.1.tlog
c:\users\denis\source\repos\op\op\debug\op.tlog\link.11236.read.1.tlog
c:\users\denis\source\repos\op\op\debug\op.tlog\link.11236.write.1.tlog
c:\users\denis\source\repos\op\op\debug\op.tlog\link.command.1.tlog
c:\users\denis\source\repos\op\op\debug\op.tlog\link.read.1.tlog
c:\users\denis\source\repos\op\op\debug\op.tlog\link.write.1.tlog
